<?xml version="1.0" encoding="UTF-8"?>
<!-- Generated by org.testng.reporters.JUnitReportReporter -->
<testsuite skipped="0" hostname="Usha" name="org.dhl.ParaMeters" tests="1" failures="0" timestamp="20 Aug 2021 14:35:27 GMT" time="10.610" errors="0">
  <testcase name="tc1" time="10.610" classname="org.dhl.ParaMeters"/>
</testsuite> <!-- org.dhl.ParaMeters -->
